Build started 4/21/2015 11:14:46 PM.
     1>Project "C:\Users\Joe\Documents\Visual Studio 2010\Projects\interview_prep\google_prep\google_prep\google_prep.vcxproj" on node 2 (build target(s)).
     1>InitializeBuildStatus:
         Creating "Debug\google_prep.unsuccessfulbuild" because "AlwaysCreate" was specified.
       ClCompile:
         All outputs are up-to-date.
         c:\Program Files (x86)\Microsoft Visual Studio 10.0\VC\bin\CL.exe /c /ZI /nologo /W3 /WX- /Od /Oy- /D WIN32 /D _DEBUG /D _CONSOLE /D _UNICODE /D UNICODE /Gm /EHsc /RTC1 /MDd /GS /fp:precise /Zc:wchar_t /Zc:forScope /Yu"StdAfx.h" /Fp"Debug\google_prep.pch" /Fo"Debug\\" /Fd"Debug\vc100.pdb" /Gd /TP /analyze- /errorReport:prompt google_prep.cpp
         google_prep.cpp
       ManifestResourceCompile:
         All outputs are up-to-date.
       Link:
         c:\Program Files (x86)\Microsoft Visual Studio 10.0\VC\bin\link.exe /ERRORREPORT:PROMPT /OUT:"C:\Users\Joe\Documents\Visual Studio 2010\Projects\interview_prep\google_prep\Debug\google_prep.exe" /INCREMENTAL /NOLOGO kernel32.lib user32.lib gdi32.lib winspool.lib comdlg32.lib advapi32.lib shell32.lib ole32.lib oleaut32.lib uuid.lib odbc32.lib odbccp32.lib /MANIFEST /ManifestFile:"Debug\google_prep.exe.intermediate.manifest" /MANIFESTUAC:"level='asInvoker' uiAccess='false'" /DEBUG /PDB:"C:\Users\Joe\Documents\Visual Studio 2010\Projects\interview_prep\google_prep\Debug\google_prep.pdb" /SUBSYSTEM:CONSOLE /TLBID:1 /DYNAMICBASE /NXCOMPAT /IMPLIB:"C:\Users\Joe\Documents\Visual Studio 2010\Projects\interview_prep\google_prep\Debug\google_prep.lib" /MACHINE:X86 Debug\google_prep.exe.embed.manifest.res
         Debug\google_prep.obj
         Debug\stdafx.obj
       Manifest:
         C:\Program Files (x86)\Microsoft SDKs\Windows\v7.0A\bin\mt.exe /nologo /verbose /out:"Debug\google_prep.exe.embed.manifest" /manifest Debug\google_prep.exe.intermediate.manifest
         All outputs are up-to-date.
       LinkEmbedManifest:
         All outputs are up-to-date.
         google_prep.vcxproj -> C:\Users\Joe\Documents\Visual Studio 2010\Projects\interview_prep\google_prep\Debug\google_prep.exe
       FinalizeBuildStatus:
         Deleting file "Debug\google_prep.unsuccessfulbuild".
         Touching "Debug\google_prep.lastbuildstate".
     1>Done Building Project "C:\Users\Joe\Documents\Visual Studio 2010\Projects\interview_prep\google_prep\google_prep\google_prep.vcxproj" (build target(s)).

Build succeeded.

Time Elapsed 00:00:00.32
